16:15:47.588 [print] http://dummy.restapiexample.com/api/v1
16:14:05.540 [print] 0
16:14:05.541 [print] 0
16:14:05.565 request:
1 > DELETE http://dummy.restapiexample.com/api/v1/delete/0
1 > Accept-Encoding: gzip,deflate
1 > Connection: Keep-Alive
1 > Host: dummy.restapiexample.com
1 > User-Agent: Apache-HttpClient/4.5.5 (Java/1.8.0_171)

16:14:06.304 response time in milliseconds: 736.73
1 < 200
1 < Accept-Ranges: bytes
1 < Access-Control-Allow-Origin: *
1 < Access-Control-Expose-Headers: Content-Type, X-Requested-With, X-authentication, X-client
1 < Age: 0
1 < Cache-Control: no-store, no-cache, must-revalidate
1 < Connection: keep-alive
1 < Content-Type: text/html; charset=UTF-8
1 < Date: Sat, 02 Nov 2019 10:44:07 GMT
1 < Expires: Thu, 19 Nov 1981 08:52:00 GMT
1 < PageSpeed: off
1 < Pragma: no-cache
1 < Referrer-Policy: 
1 < Response: 200
1 < Server: nginx/1.16.0
1 < Set-Cookie: [PHPSESSID=8952da22c6d608eb2f6eb0fa4d0d3320; path=/, ezoadgid_133674=-1; Path=/; Domain=restapiexample.com; Expires=Sat, 02 Nov 2019 11:14:06 UTC, ezoref_133674=; Path=/; Domain=restapiexample.com; Expires=Sat, 02 Nov 2019 12:44:06 UTC, ezoab_133674=mod21-c; Path=/; Domain=restapiexample.com; Expires=Sat, 02 Nov 2019 12:44:06 UTC, active_template::133674=pub_site.1572691446; Path=/; Domain=restapiexample.com; Expires=Mon, 04 Nov 2019 10:44:06 UTC, ezCMPCCS=true; Path=/; Domain=restapiexample.com; Expires=Mon, 02 Nov 2020 11:44:07 GMT]
1 < Vary: Accept-Encoding,X-APP-JSON
1 < Via: 1.1 varnish (Varnish/6.0)
1 < X-Ezoic-Cdn: Miss
1 < X-Middleton-Response: 200
1 < X-Sol: pub_site
1 < X-VCache: Miss
1 < X-Varnish: 192158805
1 < X-shard: 100224202
{"success":{"text":"successfully! deleted Records"}}

16:14:06.468 [print] {
  "success": {
    "text": "successfully! deleted Records"
  }
}

